<?xml version="1.0" encoding="UTF-8"?>
<!-- Generated by org.testng.reporters.JUnitReportReporter -->
<testsuite skipped="0" hostname="Saurabhs-MacBook-Pro.local" name="com.uiAutomationRetailSite.Expedia.GCO.TestScripts.RagistrationTest.RagistrationTest" tests="1" failures="0" timestamp="24 Aug 2019 21:24:50 GMT" time="11.127" errors="0">
  <testcase name="tesRagitsration" time="11.127" classname="com.uiAutomationRetailSite.Expedia.GCO.TestScripts.RagistrationTest.RagistrationTest"/>
</testsuite> <!-- com.uiAutomationRetailSite.Expedia.GCO.TestScripts.RagistrationTest.RagistrationTest -->
