<?xml version="1.0" encoding="UTF-8"?>
<!-- Generated by org.testng.reporters.JUnitReportReporter -->
<testsuite skipped="0" hostname="Saurabhs-MacBook-Pro.local" name="com.uiAutomationRetailSite.Expedia.GCO.TestScripts.LoginTest.LoginTest" tests="1" failures="0" timestamp="27 Aug 2019 05:19:26 GMT" time="8.334" errors="0">
  <testcase name="validateLoginFunctinality" time="8.334" classname="com.uiAutomationRetailSite.Expedia.GCO.TestScripts.LoginTest.LoginTest"/>
</testsuite> <!-- com.uiAutomationRetailSite.Expedia.GCO.TestScripts.LoginTest.LoginTest -->
