<?xml version="1.0" encoding="UTF-8"?>
<!-- Generated by org.testng.reporters.JUnitReportReporter -->
<testsuite skipped="0" hostname="Saurabhs-MacBook-Pro.local" name="com.uiAutomationRetailSite.Expedia.GCO.TestScripts.LoginTest.LoginTest" tests="1" failures="0" timestamp="24 Aug 2019 18:04:41 GMT" time="6.707" errors="0">
  <testcase name="validateLoginFunctinality" time="6.707" classname="com.uiAutomationRetailSite.Expedia.GCO.TestScripts.LoginTest.LoginTest"/>
</testsuite> <!-- com.uiAutomationRetailSite.Expedia.GCO.TestScripts.LoginTest.LoginTest -->
