<?xml version="1.0" encoding="UTF-8"?>
<!-- Generated by org.testng.reporters.JUnitReportReporter -->
<testsuite skipped="0" hostname="Saurabhs-MacBook-Pro.local" name="com.uiAutomationRetailSite.AppTest" tests="1" failures="0" timestamp="03 Aug 2019 13:36:42 GMT" time="0.008" errors="0">
  <testcase name="shouldAnswerWithTrue" time="0.008" classname="com.uiAutomationRetailSite.AppTest"/>
</testsuite> <!-- com.uiAutomationRetailSite.AppTest -->
