<?xml version="1.0" encoding="UTF-8"?>
<!-- Generated by org.testng.reporters.JUnitReportReporter -->
<testsuite skipped="0" hostname="Saurabhs-MacBook-Pro.local" name="com.uiAutomationRetailSite.Expedia.GCO.TestScripts.TestScreenshot" tests="1" failures="0" timestamp="24 Aug 2019 18:04:36 GMT" time="3.233" errors="0">
  <testcase name="testScreen" time="3.233" classname="com.uiAutomationRetailSite.Expedia.GCO.TestScripts.TestScreenshot"/>
</testsuite> <!-- com.uiAutomationRetailSite.Expedia.GCO.TestScripts.TestScreenshot -->
